[debug] [2022-01-04T16:39:04.519Z] ----------------------------------------------------------------------
[debug] [2022-01-04T16:39:04.521Z] Command:       /usr/local/bin/node /usr/local/bin/firebase init
[debug] [2022-01-04T16:39:04.522Z] CLI Version:   9.11.0
[debug] [2022-01-04T16:39:04.522Z] Platform:      linux
[debug] [2022-01-04T16:39:04.522Z] Node Version:  v16.13.0
[debug] [2022-01-04T16:39:04.522Z] Time:          Tue Jan 04 2022 17:39:04 GMT+0100 (Central European Standard Time)
[debug] [2022-01-04T16:39:04.522Z] ----------------------------------------------------------------------
[debug] 
[debug] [2022-01-04T16:39:04.527Z] > command requires scopes: ["email","openid","https://www.googleapis.com/auth/cloudplatformprojects.readonly","https://www.googleapis.com/auth/firebase","https://www.googleapis.com/auth/cloud-platform"]
[debug] [2022-01-04T16:39:04.527Z] > authorizing via signed-in user (djefaflia.fares@gmail.com)
[info] 
     ######## #### ########  ######## ########     ###     ######  ########
     ##        ##  ##     ## ##       ##     ##  ##   ##  ##       ##
     ######    ##  ########  ######   ########  #########  ######  ######
     ##        ##  ##    ##  ##       ##     ## ##     ##       ## ##
     ##       #### ##     ## ######## ########  ##     ##  ######  ########

You're about to initialize a Firebase project in this directory:

  /home/fares/for-work/learn-vue

[info] 
=== Project Setup
[info] 
[info] First, let's associate this project directory with a Firebase project.
[info] You can create multiple project aliases by running firebase use --add, 
[info] but for now we'll just set up a default project.
[info] 
[debug] [2022-01-04T16:39:14.705Z] >>> [apiv2][query] GET https://firebase.googleapis.com/v1beta1/projects pageSize=100
[debug] [2022-01-04T16:39:15.327Z] <<< [apiv2][status] GET https://firebase.googleapis.com/v1beta1/projects 200
[debug] [2022-01-04T16:39:15.327Z] <<< [apiv2][body] GET https://firebase.googleapis.com/v1beta1/projects [omitted]
